<?xml version="1.0" encoding="UTF-8"?>
<testsuite xmlns:xsi="http://www.w3.org/2001/XMLSchema-instance" xsi:noNamespaceSchemaLocation="https://maven.apache.org/surefire/maven-surefire-plugin/xsd/surefire-test-report.xsd" version="3.0.2" name="dev.zengcode.features.actuatorinfo.ActuatorinfoApplicationTests" time="2.271" tests="1" errors="0" skipped="0" failures="0" flakes="0">
  <properties>
[...]
</properties>
  <testcase name="contextLoads" classname="dev.zengcode.features.actuatorinfo.ActuatorinfoApplicationTests" time="0.505">
    <system-out><![CDATA[11:35:25.548 [main] INFO org.springframework.test.context.support.AnnotationConfigContextLoaderUtils -- Could not detect default configuration classes for test class [dev.zengcode.features.actuatorinfo.ActuatorinfoApplicationTests]: ActuatorinfoApplicationTests does not declare any static, non-private, non-final, nested classes annotated with @Configuration.
11:35:25.640 [main] INFO org.springframework.boot.test.context.SpringBootTestContextBootstrapper -- Found @SpringBootConfiguration dev.zengcode.features.actuatorinfo.ActuatorinfoApplication for test class dev.zengcode.features.actuatorinfo.ActuatorinfoApplicationTests
11:35:25.703 [main] INFO org.springframework.test.context.support.AnnotationConfigContextLoaderUtils -- Could not detect default configuration classes for test class [dev.zengcode.features.actuatorinfo.ActuatorinfoApplicationTests]: ActuatorinfoApplicationTests does not declare any static, non-private, non-final, nested classes annotated with @Configuration.
11:35:25.704 [main] INFO org.springframework.boot.test.context.SpringBootTestContextBootstrapper -- Found @SpringBootConfiguration dev.zengcode.features.actuatorinfo.ActuatorinfoApplication for test class dev.zengcode.features.actuatorinfo.ActuatorinfoApplicationTests

  .   ____          _            __ _ _
 /\\ / ___'_ __ _ _(_)_ __  __ _ \ \ \ \
( ( )\___ | '_ | '_| | '_ \/ _` | \ \ \ \
 \\/  ___)| |_)| | | | | || (_| |  ) ) ) )
  '  |____| .__|_| |_|_| |_\__, | / / / /
 =========|_|==============|___/=/_/_/_/

 :: Spring Boot ::                (v4.1.0)

2026-06-24T11:35:25.955+07:00  INFO 1022463 --- [07-actuator-info] [           main] d.z.f.a.ActuatorinfoApplicationTests     : Starting ActuatorinfoApplicationTests using Java 21.0.6 with PID 1022463 (started by chiwa in /home/chiwa/projects/knowledge-sharing/spring-boot-4.1-features/modules/07-actuator-info)
2026-06-24T11:35:25.956+07:00  INFO 1022463 --- [07-actuator-info] [           main] d.z.f.a.ActuatorinfoApplicationTests     : No active profile set, falling back to 1 default profile: "default"
2026-06-24T11:35:27.022+07:00  INFO 1022463 --- [07-actuator-info] [           main] o.s.b.a.e.web.EndpointLinksResolver      : Exposing 3 endpoints beneath base path '/actuator'
2026-06-24T11:35:27.110+07:00  INFO 1022463 --- [07-actuator-info] [           main] d.z.f.a.ActuatorinfoApplicationTests     : Started ActuatorinfoApplicationTests in 1.371 seconds (process running for 2.117)
]]></system-out>
    <system-err><![CDATA[Mockito is currently self-attaching to enable the inline-mock-maker. This will no longer work in future releases of the JDK. Please add Mockito as an agent to your build as described in Mockito's documentation: https://javadoc.io/doc/org.mockito/mockito-core/latest/org.mockito/org/mockito/Mockito.html#0.3
WARNING: A Java agent has been loaded dynamically (/home/chiwa/.m2/repository/net/bytebuddy/byte-buddy-agent/1.18.10/byte-buddy-agent-1.18.10.jar)
WARNING: If a serviceability tool is in use, please run with -XX:+EnableDynamicAgentLoading to hide this warning
WARNING: If a serviceability tool is not in use, please run with -Djdk.instrument.traceUsage for more information
WARNING: Dynamic loading of agents will be disallowed by default in a future release
]]></system-err>
  </testcase>
</testsuite>