<?xml version="1.0" encoding="UTF-8"?>
<testsuite xmlns:xsi="http://www.w3.org/2001/XMLSchema-instance" xsi:noNamespaceSchemaLocation="https://maven.apache.org/surefire/maven-surefire-plugin/xsd/surefire-test-report.xsd" version="3.0.2" name="dev.zengcode.features.lazyjdbc.LazyjdbcApplicationTests" time="11.909" tests="2" errors="0" skipped="0" failures="0" flakes="0">
  <properties>
[...]
</properties>
  <testcase name="testEndpoints" classname="dev.zengcode.features.lazyjdbc.LazyjdbcApplicationTests" time="6.585">
    <system-out><![CDATA[13:40:06.552 [main] INFO org.springframework.test.context.support.AnnotationConfigContextLoaderUtils -- Could not detect default configuration classes for test class [dev.zengcode.features.lazyjdbc.LazyjdbcApplicationTests]: LazyjdbcApplicationTests does not declare any static, non-private, non-final, nested classes annotated with @Configuration.
13:40:06.638 [main] INFO org.springframework.boot.test.context.SpringBootTestContextBootstrapper -- Found @SpringBootConfiguration dev.zengcode.features.lazyjdbc.LazyjdbcApplication for test class dev.zengcode.features.lazyjdbc.LazyjdbcApplicationTests
13:40:06.689 [main] INFO org.springframework.test.context.support.AnnotationConfigContextLoaderUtils -- Could not detect default configuration classes for test class [dev.zengcode.features.lazyjdbc.LazyjdbcApplicationTests]: LazyjdbcApplicationTests does not declare any static, non-private, non-final, nested classes annotated with @Configuration.
13:40:06.693 [main] INFO org.springframework.boot.test.context.SpringBootTestContextBootstrapper -- Found @SpringBootConfiguration dev.zengcode.features.lazyjdbc.LazyjdbcApplication for test class dev.zengcode.features.lazyjdbc.LazyjdbcApplicationTests
13:40:06.723 [main] INFO org.testcontainers.images.PullPolicy -- Image pull policy will be performed by: DefaultPullPolicy()
13:40:06.724 [main] INFO org.testcontainers.utility.ImageNameSubstitutor -- Image name substitution will be performed by: DefaultImageNameSubstitutor (composite of 'ConfigurationFileImageNameSubstitutor' and 'PrefixingImageNameSubstitutor')
13:40:06.746 [main] INFO org.testcontainers.DockerClientFactory -- Testcontainers version: 2.0.5
13:40:06.962 [main] INFO org.testcontainers.dockerclient.DockerClientProviderStrategy -- Loaded org.testcontainers.dockerclient.UnixSocketClientProviderStrategy from ~/.testcontainers.properties, will try it first
13:40:07.262 [main] INFO org.testcontainers.dockerclient.DockerClientProviderStrategy -- Found Docker environment with local Unix socket (unix:///var/run/docker.sock)
13:40:07.263 [main] INFO org.testcontainers.DockerClientFactory -- Docker host IP address is localhost
13:40:07.274 [main] INFO org.testcontainers.DockerClientFactory -- Connected to docker: 
  Server Version: 29.4.3
  API Version: 1.54
  Operating System: Ubuntu 24.04.4 LTS
  Total Memory: 32025 MB
13:40:07.306 [main] INFO tc.testcontainers/ryuk:0.14.0 -- Creating container for image: testcontainers/ryuk:0.14.0
13:40:07.391 [main] INFO tc.testcontainers/ryuk:0.14.0 -- Container testcontainers/ryuk:0.14.0 is starting: d4a98ad2dd4ef0961ae2fed33be9757c2020929f7101d6a933acefee2c2b26ed
13:40:07.644 [main] INFO tc.testcontainers/ryuk:0.14.0 -- Container testcontainers/ryuk:0.14.0 started in PT0.338453583S
13:40:07.648 [main] INFO org.testcontainers.utility.RyukResourceReaper -- Ryuk started - will monitor and terminate Testcontainers containers on JVM exit
13:40:07.648 [main] INFO org.testcontainers.DockerClientFactory -- Checking the system...
13:40:07.649 [main] INFO org.testcontainers.DockerClientFactory -- ✔︎ Docker server version should be at least 1.6.0
13:40:07.649 [main] INFO tc.postgres:16 -- Creating container for image: postgres:16
13:40:07.674 [main] INFO tc.postgres:16 -- Container postgres:16 is starting: 4ac2c12d07b697c8c1d847c728f18b873cf5dff2cbe75632b9feed34c370f128
13:40:08.613 [main] INFO tc.postgres:16 -- Container postgres:16 started in PT0.963956302S
13:40:08.614 [main] INFO tc.postgres:16 -- Container is started (JDBC URL: jdbc:postgresql://localhost:32773/demo?loggerLevel=OFF)

  .   ____          _            __ _ _
 /\\ / ___'_ __ _ _(_)_ __  __ _ \ \ \ \
( ( )\___ | '_ | '_| | '_ \/ _` | \ \ \ \
 \\/  ___)| |_)| | | | | || (_| |  ) ) ) )
  '  |____| .__|_| |_|_| |_\__, | / / / /
 =========|_|==============|___/=/_/_/_/

 :: Spring Boot ::                (v4.1.0)

2026-06-24T13:40:08.830+07:00  INFO 1176014 --- [01-lazy-jdbc-connection-fetching] [           main] d.z.f.lazyjdbc.LazyjdbcApplicationTests  : Starting LazyjdbcApplicationTests using Java 21.0.6 with PID 1176014 (started by chiwa in /home/chiwa/projects/knowledge-sharing/spring-boot-4.1-features/modules/01-lazy-jdbc-connection-fetching)
2026-06-24T13:40:08.831+07:00  INFO 1176014 --- [01-lazy-jdbc-connection-fetching] [           main] d.z.f.lazyjdbc.LazyjdbcApplicationTests  : No active profile set, falling back to 1 default profile: "default"
2026-06-24T13:40:09.285+07:00  INFO 1176014 --- [01-lazy-jdbc-connection-fetching] [           main] .s.d.r.c.RepositoryConfigurationDelegate : Bootstrapping Spring Data JPA repositories in DEFAULT mode.
2026-06-24T13:40:09.317+07:00  INFO 1176014 --- [01-lazy-jdbc-connection-fetching] [           main] .s.d.r.c.RepositoryConfigurationDelegate : Finished Spring Data repository scanning in 24 ms. Found 1 JPA repository interface.
2026-06-24T13:40:09.662+07:00  INFO 1176014 --- [01-lazy-jdbc-connection-fetching] [           main] org.hibernate.orm.jpa                    : HHH008540: Processing PersistenceUnitInfo [name: default]
2026-06-24T13:40:09.697+07:00  INFO 1176014 --- [01-lazy-jdbc-connection-fetching] [           main] org.hibernate.orm.core                   : HHH000001: Hibernate ORM core version 7.4.1.Final
2026-06-24T13:40:09.975+07:00  INFO 1176014 --- [01-lazy-jdbc-connection-fetching] [           main] o.s.o.j.p.SpringPersistenceUnitInfo      : No LoadTimeWeaver setup: ignoring JPA class transformer
2026-06-24T13:40:09.996+07:00  INFO 1176014 --- [01-lazy-jdbc-connection-fetching] [           main] com.zaxxer.hikari.HikariDataSource       : HikariPool-1 - Starting...
2026-06-24T13:40:10.130+07:00  INFO 1176014 --- [01-lazy-jdbc-connection-fetching] [           main] com.zaxxer.hikari.pool.HikariPool        : HikariPool-1 - Added connection org.postgresql.jdbc.PgConnection@434a72f2
2026-06-24T13:40:10.131+07:00  INFO 1176014 --- [01-lazy-jdbc-connection-fetching] [           main] com.zaxxer.hikari.HikariDataSource       : HikariPool-1 - Start completed.
2026-06-24T13:40:10.200+07:00  INFO 1176014 --- [01-lazy-jdbc-connection-fetching] [           main] org.hibernate.orm.connections.pooling    : HHH10001005: Database info:
	Database JDBC URL [jdbc:postgresql://localhost:32773/demo?loggerLevel=OFF]
	Database driver: PostgreSQL JDBC Driver
	Database dialect: PostgreSQLDialect
	Database version: 16.14
	Default catalog/schema: demo/public
	Autocommit mode: undefined/unknown
	Isolation level: READ_COMMITTED [default READ_COMMITTED]
	JDBC fetch size: none
	Pool: DataSourceConnectionProvider
	Minimum pool size: undefined/unknown
	Maximum pool size: undefined/unknown
2026-06-24T13:40:10.828+07:00  INFO 1176014 --- [01-lazy-jdbc-connection-fetching] [           main] org.hibernate.orm.core                   : HHH000489: No JTA platform available (set 'hibernate.transaction.jta.platform' to enable JTA platform integration)
2026-06-24T13:40:10.863+07:00  INFO 1176014 --- [01-lazy-jdbc-connection-fetching] [           main] j.LocalContainerEntityManagerFactoryBean : Initialized JPA EntityManagerFactory for persistence unit 'default'
2026-06-24T13:40:10.919+07:00  INFO 1176014 --- [01-lazy-jdbc-connection-fetching] [           main] o.s.d.j.r.query.QueryEnhancerFactories   : Hibernate is in classpath; If applicable, HQL parser will be used.
2026-06-24T13:40:11.049+07:00  WARN 1176014 --- [01-lazy-jdbc-connection-fetching] [           main] JpaBaseConfiguration$JpaWebConfiguration : spring.jpa.open-in-view is enabled by default. Therefore, database queries may be performed during view rendering. Explicitly configure spring.jpa.open-in-view to disable this warning
2026-06-24T13:40:11.501+07:00  INFO 1176014 --- [01-lazy-jdbc-connection-fetching] [           main] o.s.b.a.e.web.EndpointLinksResolver      : Exposing 3 endpoints beneath base path '/actuator'
2026-06-24T13:40:11.550+07:00  INFO 1176014 --- [01-lazy-jdbc-connection-fetching] [           main] d.z.f.lazyjdbc.LazyjdbcApplicationTests  : Started LazyjdbcApplicationTests in 2.904 seconds (process running for 5.575)
]]></system-out>
    <system-err><![CDATA[Mockito is currently self-attaching to enable the inline-mock-maker. This will no longer work in future releases of the JDK. Please add Mockito as an agent to your build as described in Mockito's documentation: https://javadoc.io/doc/org.mockito/mockito-core/latest/org.mockito/org/mockito/Mockito.html#0.3
WARNING: A Java agent has been loaded dynamically (/home/chiwa/.m2/repository/net/bytebuddy/byte-buddy-agent/1.18.10/byte-buddy-agent-1.18.10.jar)
WARNING: If a serviceability tool is in use, please run with -XX:+EnableDynamicAgentLoading to hide this warning
WARNING: If a serviceability tool is not in use, please run with -Djdk.instrument.traceUsage for more information
WARNING: Dynamic loading of agents will be disallowed by default in a future release
]]></system-err>
  </testcase>
  <testcase name="contextLoads" classname="dev.zengcode.features.lazyjdbc.LazyjdbcApplicationTests" time="0.003"/>
</testsuite>