<?xml version="1.0" encoding="UTF-8"?>
<testsuite xmlns:xsi="http://www.w3.org/2001/XMLSchema-instance" xsi:noNamespaceSchemaLocation="https://maven.apache.org/surefire/maven-surefire-plugin/xsd/surefire-test-report.xsd" version="3.0.2" name="dev.zengcode.features.lazyjdbc.LazyjdbcApplicationTests" time="7.788" tests="2" errors="0" skipped="0" failures="0" flakes="0">
  <properties>
[...]
</properties>
  <testcase name="testEndpoints" classname="dev.zengcode.features.lazyjdbc.LazyjdbcApplicationTests" time="2.627">
    <system-out><![CDATA[14:48:08.042 [main] INFO org.springframework.test.context.support.AnnotationConfigContextLoaderUtils -- Could not detect default configuration classes for test class [dev.zengcode.features.lazyjdbc.LazyjdbcApplicationTests]: LazyjdbcApplicationTests does not declare any static, non-private, non-final, nested classes annotated with @Configuration.
14:48:08.131 [main] INFO org.springframework.boot.test.context.SpringBootTestContextBootstrapper -- Found @SpringBootConfiguration dev.zengcode.features.lazyjdbc.LazyjdbcApplication for test class dev.zengcode.features.lazyjdbc.LazyjdbcApplicationTests
14:48:08.184 [main] INFO org.springframework.test.context.support.AnnotationConfigContextLoaderUtils -- Could not detect default configuration classes for test class [dev.zengcode.features.lazyjdbc.LazyjdbcApplicationTests]: LazyjdbcApplicationTests does not declare any static, non-private, non-final, nested classes annotated with @Configuration.
14:48:08.187 [main] INFO org.springframework.boot.test.context.SpringBootTestContextBootstrapper -- Found @SpringBootConfiguration dev.zengcode.features.lazyjdbc.LazyjdbcApplication for test class dev.zengcode.features.lazyjdbc.LazyjdbcApplicationTests
14:48:08.218 [main] INFO org.testcontainers.images.PullPolicy -- Image pull policy will be performed by: DefaultPullPolicy()
14:48:08.220 [main] INFO org.testcontainers.utility.ImageNameSubstitutor -- Image name substitution will be performed by: DefaultImageNameSubstitutor (composite of 'ConfigurationFileImageNameSubstitutor' and 'PrefixingImageNameSubstitutor')
14:48:08.242 [main] INFO org.testcontainers.DockerClientFactory -- Testcontainers version: 2.0.5
14:48:08.442 [main] INFO org.testcontainers.dockerclient.DockerClientProviderStrategy -- Loaded org.testcontainers.dockerclient.UnixSocketClientProviderStrategy from ~/.testcontainers.properties, will try it first
14:48:08.723 [main] INFO org.testcontainers.dockerclient.DockerClientProviderStrategy -- Found Docker environment with local Unix socket (unix:///var/run/docker.sock)
14:48:08.724 [main] INFO org.testcontainers.DockerClientFactory -- Docker host IP address is localhost
14:48:08.735 [main] INFO org.testcontainers.DockerClientFactory -- Connected to docker: 
  Server Version: 29.4.3
  API Version: 1.54
  Operating System: Ubuntu 24.04.4 LTS
  Total Memory: 32025 MB
14:48:08.768 [main] INFO tc.testcontainers/ryuk:0.14.0 -- Creating container for image: testcontainers/ryuk:0.14.0
14:48:08.849 [main] INFO tc.testcontainers/ryuk:0.14.0 -- Container testcontainers/ryuk:0.14.0 is starting: 3cd40cf38c72716818849266aa9cf40cac1a356d00fdb8413bc301b571a2cf0e
14:48:09.109 [main] INFO tc.testcontainers/ryuk:0.14.0 -- Container testcontainers/ryuk:0.14.0 started in PT0.34086566S
14:48:09.112 [main] INFO org.testcontainers.utility.RyukResourceReaper -- Ryuk started - will monitor and terminate Testcontainers containers on JVM exit
14:48:09.112 [main] INFO org.testcontainers.DockerClientFactory -- Checking the system...
14:48:09.112 [main] INFO org.testcontainers.DockerClientFactory -- ✔︎ Docker server version should be at least 1.6.0
14:48:09.113 [main] INFO tc.postgres:16 -- Creating container for image: postgres:16
14:48:09.134 [main] INFO tc.postgres:16 -- Container postgres:16 is starting: 1c9e05c3746fff845726ec8e4e368dfb15c41365ad06cdc393a85d2966b2a56e
14:48:10.021 [main] INFO tc.postgres:16 -- Container postgres:16 started in PT0.908300953S
14:48:10.022 [main] INFO tc.postgres:16 -- Container is started (JDBC URL: jdbc:postgresql://localhost:32795/demo?loggerLevel=OFF)

  .   ____          _            __ _ _
 /\\ / ___'_ __ _ _(_)_ __  __ _ \ \ \ \
( ( )\___ | '_ | '_| | '_ \/ _` | \ \ \ \
 \\/  ___)| |_)| | | | | || (_| |  ) ) ) )
  '  |____| .__|_| |_|_| |_\__, | / / / /
 =========|_|==============|___/=/_/_/_/

 :: Spring Boot ::                (v4.1.0)

2026-06-24T14:48:10.236+07:00  INFO 1266501 --- [01-lazy-jdbc-connection-fetching] [           main] d.z.f.lazyjdbc.LazyjdbcApplicationTests  : Starting LazyjdbcApplicationTests using Java 21.0.6 with PID 1266501 (started by chiwa in /home/chiwa/projects/knowledge-sharing/spring-boot-4.1-features/modules/01-lazy-jdbc-connection-fetching)
2026-06-24T14:48:10.237+07:00  INFO 1266501 --- [01-lazy-jdbc-connection-fetching] [           main] d.z.f.lazyjdbc.LazyjdbcApplicationTests  : No active profile set, falling back to 1 default profile: "default"
2026-06-24T14:48:10.671+07:00  INFO 1266501 --- [01-lazy-jdbc-connection-fetching] [           main] .s.d.r.c.RepositoryConfigurationDelegate : Bootstrapping Spring Data JPA repositories in DEFAULT mode.
2026-06-24T14:48:10.701+07:00  INFO 1266501 --- [01-lazy-jdbc-connection-fetching] [           main] .s.d.r.c.RepositoryConfigurationDelegate : Finished Spring Data repository scanning in 23 ms. Found 1 JPA repository interface.
2026-06-24T14:48:11.030+07:00  INFO 1266501 --- [01-lazy-jdbc-connection-fetching] [           main] org.hibernate.orm.jpa                    : HHH008540: Processing PersistenceUnitInfo [name: default]
2026-06-24T14:48:11.063+07:00  INFO 1266501 --- [01-lazy-jdbc-connection-fetching] [           main] org.hibernate.orm.core                   : HHH000001: Hibernate ORM core version 7.4.1.Final
2026-06-24T14:48:11.327+07:00  INFO 1266501 --- [01-lazy-jdbc-connection-fetching] [           main] o.s.o.j.p.SpringPersistenceUnitInfo      : No LoadTimeWeaver setup: ignoring JPA class transformer
2026-06-24T14:48:11.348+07:00  INFO 1266501 --- [01-lazy-jdbc-connection-fetching] [           main] com.zaxxer.hikari.HikariDataSource       : HikariPool-1 - Starting...
2026-06-24T14:48:11.467+07:00  INFO 1266501 --- [01-lazy-jdbc-connection-fetching] [           main] com.zaxxer.hikari.pool.HikariPool        : HikariPool-1 - Added connection org.postgresql.jdbc.PgConnection@530a46f4
2026-06-24T14:48:11.469+07:00  INFO 1266501 --- [01-lazy-jdbc-connection-fetching] [           main] com.zaxxer.hikari.HikariDataSource       : HikariPool-1 - Start completed.
2026-06-24T14:48:11.524+07:00  INFO 1266501 --- [01-lazy-jdbc-connection-fetching] [           main] org.hibernate.orm.connections.pooling    : HHH10001005: Database info:
	Database JDBC URL [jdbc:postgresql://localhost:32795/demo?loggerLevel=OFF]
	Database driver: PostgreSQL JDBC Driver
	Database dialect: PostgreSQLDialect
	Database version: 16.14
	Default catalog/schema: demo/public
	Autocommit mode: undefined/unknown
	Isolation level: READ_COMMITTED [default READ_COMMITTED]
	JDBC fetch size: none
	Pool: DataSourceConnectionProvider
	Minimum pool size: undefined/unknown
	Maximum pool size: undefined/unknown
2026-06-24T14:48:12.124+07:00  INFO 1266501 --- [01-lazy-jdbc-connection-fetching] [           main] org.hibernate.orm.core                   : HHH000489: No JTA platform available (set 'hibernate.transaction.jta.platform' to enable JTA platform integration)
2026-06-24T14:48:12.160+07:00  INFO 1266501 --- [01-lazy-jdbc-connection-fetching] [           main] j.LocalContainerEntityManagerFactoryBean : Initialized JPA EntityManagerFactory for persistence unit 'default'
2026-06-24T14:48:12.220+07:00  INFO 1266501 --- [01-lazy-jdbc-connection-fetching] [           main] o.s.d.j.r.query.QueryEnhancerFactories   : Hibernate is in classpath; If applicable, HQL parser will be used.
2026-06-24T14:48:12.832+07:00  INFO 1266501 --- [01-lazy-jdbc-connection-fetching] [           main] o.s.b.a.e.web.EndpointLinksResolver      : Exposing 3 endpoints beneath base path '/actuator'
2026-06-24T14:48:12.879+07:00  INFO 1266501 --- [01-lazy-jdbc-connection-fetching] [           main] d.z.f.lazyjdbc.LazyjdbcApplicationTests  : Started LazyjdbcApplicationTests in 2.827 seconds (process running for 5.4)
TESTING EXTERNAL THEN DB
TIMELINE: [TimelineStep[step=transaction-started, activeConnections=1, idleConnections=1, totalConnections=2, threadsAwaitingConnection=0], TimelineStep[step=before-external-call, activeConnections=1, idleConnections=1, totalConnections=2, threadsAwaitingConnection=0], TimelineStep[step=after-external-call, activeConnections=1, idleConnections=1, totalConnections=2, threadsAwaitingConnection=0], TimelineStep[step=before-database-access, activeConnections=1, idleConnections=1, totalConnections=2, threadsAwaitingConnection=0], TimelineStep[step=after-database-access, activeConnections=1, idleConnections=1, totalConnections=2, threadsAwaitingConnection=0], TimelineStep[step=transaction-ended, activeConnections=0, idleConnections=2, totalConnections=2, threadsAwaitingConnection=0]]
]]></system-out>
    <system-err><![CDATA[Mockito is currently self-attaching to enable the inline-mock-maker. This will no longer work in future releases of the JDK. Please add Mockito as an agent to your build as described in Mockito's documentation: https://javadoc.io/doc/org.mockito/mockito-core/latest/org.mockito/org/mockito/Mockito.html#0.3
WARNING: A Java agent has been loaded dynamically (/home/chiwa/.m2/repository/net/bytebuddy/byte-buddy-agent/1.18.10/byte-buddy-agent-1.18.10.jar)
WARNING: If a serviceability tool is in use, please run with -XX:+EnableDynamicAgentLoading to hide this warning
WARNING: If a serviceability tool is not in use, please run with -Djdk.instrument.traceUsage for more information
WARNING: Dynamic loading of agents will be disallowed by default in a future release
]]></system-err>
  </testcase>
  <testcase name="contextLoads" classname="dev.zengcode.features.lazyjdbc.LazyjdbcApplicationTests" time="0.003"/>
</testsuite>