<?xml version="1.0" encoding="UTF-8"?>
<testsuite xmlns:xsi="http://www.w3.org/2001/XMLSchema-instance" xsi:noNamespaceSchemaLocation="https://maven.apache.org/surefire/maven-surefire-plugin/xsd/surefire-test-report.xsd" version="3.0.2" name="dev.zengcode.features.redislistener.RedislistenerApplicationTests" time="2.67" tests="1" errors="0" skipped="0" failures="0" flakes="0">
  <properties>
[...]
</properties>
  <testcase name="contextLoads" classname="dev.zengcode.features.redislistener.RedislistenerApplicationTests" time="0.439">
    <system-out><![CDATA[14:56:53.228 [main] INFO org.springframework.test.context.support.AnnotationConfigContextLoaderUtils -- Could not detect default configuration classes for test class [dev.zengcode.features.redislistener.RedislistenerApplicationTests]: RedislistenerApplicationTests does not declare any static, non-private, non-final, nested classes annotated with @Configuration.
14:56:53.311 [main] INFO org.springframework.boot.test.context.SpringBootTestContextBootstrapper -- Found @SpringBootConfiguration dev.zengcode.features.redislistener.RedislistenerApplication for test class dev.zengcode.features.redislistener.RedislistenerApplicationTests
14:56:53.367 [main] INFO org.springframework.test.context.support.AnnotationConfigContextLoaderUtils -- Could not detect default configuration classes for test class [dev.zengcode.features.redislistener.RedislistenerApplicationTests]: RedislistenerApplicationTests does not declare any static, non-private, non-final, nested classes annotated with @Configuration.
14:56:53.368 [main] INFO org.springframework.boot.test.context.SpringBootTestContextBootstrapper -- Found @SpringBootConfiguration dev.zengcode.features.redislistener.RedislistenerApplication for test class dev.zengcode.features.redislistener.RedislistenerApplicationTests

  .   ____          _            __ _ _
 /\\ / ___'_ __ _ _(_)_ __  __ _ \ \ \ \
( ( )\___ | '_ | '_| | '_ \/ _` | \ \ \ \
 \\/  ___)| |_)| | | | | || (_| |  ) ) ) )
  '  |____| .__|_| |_|_| |_\__, | / / / /
 =========|_|==============|___/=/_/_/_/

 :: Spring Boot ::                (v4.1.0)

2026-06-24T14:56:53.620+07:00  INFO 1278677 --- [05-redis-listener] [           main] d.z.f.r.RedislistenerApplicationTests    : Starting RedislistenerApplicationTests using Java 21.0.6 with PID 1278677 (started by chiwa in /home/chiwa/projects/knowledge-sharing/spring-boot-4.1-features/modules/05-redis-listener)
2026-06-24T14:56:53.621+07:00  INFO 1278677 --- [05-redis-listener] [           main] d.z.f.r.RedislistenerApplicationTests    : No active profile set, falling back to 1 default profile: "default"
2026-06-24T14:56:54.177+07:00  INFO 1278677 --- [05-redis-listener] [           main] .s.d.r.c.RepositoryConfigurationDelegate : Multiple Spring Data modules found, entering strict repository configuration mode
2026-06-24T14:56:54.178+07:00  INFO 1278677 --- [05-redis-listener] [           main] .s.d.r.c.RepositoryConfigurationDelegate : Bootstrapping Spring Data Redis repositories in DEFAULT mode.
2026-06-24T14:56:54.197+07:00  INFO 1278677 --- [05-redis-listener] [           main] .s.d.r.c.RepositoryConfigurationDelegate : Finished Spring Data repository scanning in 8 ms. Found 0 Redis repository interfaces.
2026-06-24T14:56:55.228+07:00  INFO 1278677 --- [05-redis-listener] [           main] o.s.b.a.e.web.EndpointLinksResolver      : Exposing 3 endpoints beneath base path '/actuator'
2026-06-24T14:56:55.275+07:00  INFO 1278677 --- [05-redis-listener] [           main] d.z.f.r.RedislistenerApplicationTests    : Started RedislistenerApplicationTests in 1.864 seconds (process running for 2.606)
]]></system-out>
    <system-err><![CDATA[Mockito is currently self-attaching to enable the inline-mock-maker. This will no longer work in future releases of the JDK. Please add Mockito as an agent to your build as described in Mockito's documentation: https://javadoc.io/doc/org.mockito/mockito-core/latest/org.mockito/org/mockito/Mockito.html#0.3
WARNING: A Java agent has been loaded dynamically (/home/chiwa/.m2/repository/net/bytebuddy/byte-buddy-agent/1.18.10/byte-buddy-agent-1.18.10.jar)
WARNING: If a serviceability tool is in use, please run with -XX:+EnableDynamicAgentLoading to hide this warning
WARNING: If a serviceability tool is not in use, please run with -Djdk.instrument.traceUsage for more information
WARNING: Dynamic loading of agents will be disallowed by default in a future release
]]></system-err>
  </testcase>
</testsuite>